  FileName.c
C:\Users\AlexB\source\repos\KP\Кп_Версия 2\Кп_Версия 2\FileName.c(66,27): warning C4047: функция: "Materials **" отличается по уровням косвенного обращения от "Materials [90]"
C:\Users\AlexB\source\repos\KP\Кп_Версия 2\Кп_Версия 2\FileName.c(66,27): warning C4024: Find_Name: различные типы для формального и фактического параметров 1
C:\Users\AlexB\source\repos\KP\Кп_Версия 2\Кп_Версия 2\FileName.c(79,28): warning C4047: функция: "Materials **" отличается по уровням косвенного обращения от "Materials [90]"
C:\Users\AlexB\source\repos\KP\Кп_Версия 2\Кп_Версия 2\FileName.c(79,28): warning C4024: Find_Price: различные типы для формального и фактического параметров 1
C:\Users\AlexB\source\repos\KP\Кп_Версия 2\Кп_Версия 2\FileName.c(79,61): warning C4020: Find_Price: слишком много фактических параметров
C:\Users\AlexB\source\repos\KP\Кп_Версия 2\Кп_Версия 2\FileName.c(90,29): warning C4047: функция: "Materials **" отличается по уровням косвенного обращения от "Materials [90]"
C:\Users\AlexB\source\repos\KP\Кп_Версия 2\Кп_Версия 2\FileName.c(90,29): warning C4024: Find_Square: различные типы для формального и фактического параметров 1
C:\Users\AlexB\source\repos\KP\Кп_Версия 2\Кп_Версия 2\FileName.c(101,43): warning C4047: функция: "Materials **" отличается по уровням косвенного обращения от "Materials [90]"
C:\Users\AlexB\source\repos\KP\Кп_Версия 2\Кп_Версия 2\FileName.c(101,43): warning C4024: Sort_Thermal_conductivity: различные типы для формального и фактического параметров 1
C:\Users\AlexB\source\repos\KP\Кп_Версия 2\Кп_Версия 2\FileName.c(101,60): warning C4020: Sort_Thermal_conductivity: слишком много фактических параметров
C:\Users\AlexB\source\repos\KP\Кп_Версия 2\Кп_Версия 2\FileName.c(109,31): warning C4047: функция: "Materials **" отличается по уровням косвенного обращения от "Materials [90]"
C:\Users\AlexB\source\repos\KP\Кп_Версия 2\Кп_Версия 2\FileName.c(109,31): warning C4024: Write_to_File: различные типы для формального и фактического параметров 1
C:\Users\AlexB\source\repos\KP\Кп_Версия 2\Кп_Версия 2\FileName.c(140,5): warning C4047: return: "Materials *" отличается по уровням косвенного обращения от "Materials **"
C:\Users\AlexB\source\repos\KP\Кп_Версия 2\Кп_Версия 2\FileName.c(143,111): warning C4029: объявленный список формальных параметров отличается от объявления
C:\Users\AlexB\source\repos\KP\Кп_Версия 2\Кп_Версия 2\FileName.c(144,12): warning C4129: : неизвестная escape-последовательность
C:\Users\AlexB\source\repos\KP\Кп_Версия 2\Кп_Версия 2\FileName.c(144,12): warning C4129: :: неизвестная escape-последовательность
C:\Users\AlexB\source\repos\KP\Кп_Версия 2\Кп_Версия 2\FileName.c(150,20): warning C4477: "printf": в строке форматирования "%10d" требуется аргумент типа "int", но вариативный аргумент "2" имеет тип "double"
C:\Users\AlexB\source\repos\KP\Кп_Версия 2\Кп_Версия 2\FileName.c(157,5): warning C4047: return: "Materials *" отличается по уровням косвенного обращения от "Materials **"
C:\Users\AlexB\source\repos\KP\Кп_Версия 2\Кп_Версия 2\FileName.c(160,12): warning C4477: "printf": в строке форматирования "%s" требуется аргумент типа "char *", но вариативный аргумент "1" имеет тип "double"
C:\Users\AlexB\source\repos\KP\Кп_Версия 2\Кп_Версия 2\FileName.c(173,5): warning C4047: return: "Materials *" отличается по уровням косвенного обращения от "Materials **"
C:\Users\AlexB\source\repos\KP\Кп_Версия 2\Кп_Версия 2\FileName.c(176,123): warning C4029: объявленный список формальных параметров отличается от объявления
C:\Users\AlexB\source\repos\KP\Кп_Версия 2\Кп_Версия 2\FileName.c(177,12): warning C4476: "printf": неизвестный символ поля типа ">" в описателе формата
C:\Users\AlexB\source\repos\KP\Кп_Версия 2\Кп_Версия 2\FileName.c(177,73): warning C4474: "printf" : для строки формата передано слишком много аргументов
C:\Users\AlexB\source\repos\KP\Кп_Версия 2\Кп_Версия 2\FileName.c(177,73): message : заполнители и их параметры ожидают переменное число аргументов в количестве 0, но было предоставлено 1
C:\Users\AlexB\source\repos\KP\Кп_Версия 2\Кп_Версия 2\FileName.c(190,5): warning C4047: return: "Materials *" отличается по уровням косвенного обращения от "Materials **"
C:\Users\AlexB\source\repos\KP\Кп_Версия 2\Кп_Версия 2\FileName.c(197,9): warning C4033: "Write_to_File" должен возвращать значение
C:\Users\AlexB\source\repos\KP\Кп_Версия 2\Кп_Версия 2\FileName.c(211,5): warning C4047: return: "Materials *" отличается по уровням косвенного обращения от "Materials **"
C:\Users\AlexB\source\repos\KP\Кп_Версия 2\Кп_Версия 2\FileName.c(212): warning C4715: Write_to_File: значение возвращается не при всех путях выполнения
  Кп_Версия 2.vcxproj -> C:\Users\AlexB\source\repos\KP\Кп_Версия 2\x64\Debug\Кп_Версия 2.exe
